TN:
SF:src/index.ts
FN:9,(anonymous_0)
FN:20,(anonymous_1)
FN:32,(anonymous_2)
FN:44,(anonymous_3)
FN:64,(anonymous_4)
FNF:5
FNH:5
FNDA:10,(anonymous_0)
FNDA:3,(anonymous_1)
FNDA:1,(anonymous_2)
FNDA:10,(anonymous_3)
FNDA:5,(anonymous_4)
DA:1,1
DA:2,1
DA:9,1
DA:10,10
DA:11,10
DA:12,10
DA:20,1
DA:21,3
DA:22,1
DA:24,2
DA:32,1
DA:33,1
DA:34,1
DA:35,1
DA:36,1
DA:44,1
DA:45,10
DA:46,10
DA:47,8
DA:48,2
DA:50,6
DA:51,2
DA:53,4
DA:54,2
DA:56,2
DA:64,1
DA:65,5
DA:66,5
DA:67,1
DA:69,4
LF:30
LH:30
BRDA:10,0,0,0
BRDA:11,1,0,0
BRDA:21,2,0,1
BRDA:47,3,0,2
BRDA:50,4,0,2
BRDA:53,5,0,2
BRF:6
BRH:4
end_of_record
TN:
SF:src/types/base58check.d.ts
FNF:0
FNH:0
LF:0
LH:0
BRF:0
BRH:0
end_of_record
